<?xml version="1.0" encoding="UTF-8"?>
<!-- Generated by org.testng.reporters.JUnitXMLReporter -->
<testsuite ignored="0" hostname="FYNXTLAPIND066" failures="0" tests="5" name="Test" time="111.539" errors="0" timestamp="2024-09-20T18:43:10 IST">
  <testcase classname="testCases.TC001_ValidLoginTest" name="verify_login" time="6.716"/>
  <testcase classname="testCases.TC002_InValidLoginTest" name="verify_login_Error" time="7.935"/>
  <testcase classname="testCases.TC003_AccountRegistrationTest" name="account_registration" time="8.3"/>
  <testcase classname="testCases.TC004_CreateMT4AccountTest" name="createMT4_Account" time="21.097"/>
  <testcase classname="testCases.TC015_CreatePublicStrategy" name="create_Public_strategy" time="18.968"/>
</testsuite> <!-- Test -->
