<?xml version="1.0" encoding="UTF-8"?>
<testng-results ignored="0" total="5" passed="5" failed="0" skipped="0">
  <reporter-output>
  </reporter-output>
  <suite started-at="2024-09-20T20:03:31 IST" name="Suite" finished-at="2024-09-20T20:06:32 IST" duration-ms="181302">
    <groups>
    </groups>
    <test started-at="2024-09-20T20:03:31 IST" name="Test" finished-at="2024-09-20T20:06:32 IST" duration-ms="181302">
      <class name="testCases.TC015_CreatePublicStrategy">
        <test-method is-config="true" signature="setUp(java.lang.String,java.lang.String)[pri:0, instance:testCases.TC015_CreatePublicStrategy@35a9782c]" started-at="2024-09-20T20:06:01 IST" name="setUp" finished-at="2024-09-20T20:06:11 IST" duration-ms="9738" status="PASS">
          <params>
            <param index="0">
              <value>
                <![CDATA[Windows]]>
              </value>
            </param>
            <param index="1">
              <value>
                <![CDATA[chrome]]>
              </value>
            </param>
          </params>
          <reporter-output>
          </reporter-output>
        </test-method> <!-- setUp -->
        <test-method signature="create_Public_strategy()[pri:0, instance:testCases.TC015_CreatePublicStrategy@35a9782c]" started-at="2024-09-20T20:06:11 IST" name="create_Public_strategy" finished-at="2024-09-20T20:06:30 IST" duration-ms="19071" status="PASS">
          <reporter-output>
          </reporter-output>
        </test-method> <!-- create_Public_strategy -->
        <test-method is-config="true" signature="tearDown()[pri:0, instance:testCases.TC015_CreatePublicStrategy@35a9782c]" started-at="2024-09-20T20:06:30 IST" name="tearDown" finished-at="2024-09-20T20:06:32 IST" duration-ms="2533" status="PASS">
          <reporter-output>
          </reporter-output>
        </test-method> <!-- tearDown -->
      </class> <!-- testCases.TC015_CreatePublicStrategy -->
      <class name="testCases.TC003_AccountRegistrationTest">
        <test-method is-config="true" signature="setUp(java.lang.String,java.lang.String)[pri:0, instance:testCases.TC003_AccountRegistrationTest@2072acb2]" started-at="2024-09-20T20:04:56 IST" name="setUp" finished-at="2024-09-20T20:05:04 IST" duration-ms="8256" status="PASS">
          <params>
            <param index="0">
              <value>
                <![CDATA[Windows]]>
              </value>
            </param>
            <param index="1">
              <value>
                <![CDATA[chrome]]>
              </value>
            </param>
          </params>
          <reporter-output>
          </reporter-output>
        </test-method> <!-- setUp -->
        <test-method signature="account_registration()[pri:0, instance:testCases.TC003_AccountRegistrationTest@2072acb2]" started-at="2024-09-20T20:05:04 IST" name="account_registration" finished-at="2024-09-20T20:05:17 IST" duration-ms="12548" status="PASS">
          <reporter-output>
          </reporter-output>
        </test-method> <!-- account_registration -->
        <test-method is-config="true" signature="tearDown()[pri:0, instance:testCases.TC003_AccountRegistrationTest@2072acb2]" started-at="2024-09-20T20:05:17 IST" name="tearDown" finished-at="2024-09-20T20:05:17 IST" duration-ms="721" status="PASS">
          <reporter-output>
          </reporter-output>
        </test-method> <!-- tearDown -->
      </class> <!-- testCases.TC003_AccountRegistrationTest -->
      <class name="testCases.TC002_InValidLoginTest">
        <test-method is-config="true" signature="setUp(java.lang.String,java.lang.String)[pri:0, instance:testCases.TC002_InValidLoginTest@7216fb24]" started-at="2024-09-20T20:04:35 IST" name="setUp" finished-at="2024-09-20T20:04:45 IST" duration-ms="10633" status="PASS">
          <params>
            <param index="0">
              <value>
                <![CDATA[Windows]]>
              </value>
            </param>
            <param index="1">
              <value>
                <![CDATA[chrome]]>
              </value>
            </param>
          </params>
          <reporter-output>
          </reporter-output>
        </test-method> <!-- setUp -->
        <test-method signature="verify_login_Error()[pri:0, instance:testCases.TC002_InValidLoginTest@7216fb24]" started-at="2024-09-20T20:04:45 IST" name="verify_login_Error" finished-at="2024-09-20T20:04:54 IST" duration-ms="8404" status="PASS">
          <reporter-output>
          </reporter-output>
        </test-method> <!-- verify_login_Error -->
        <test-method is-config="true" signature="tearDown()[pri:0, instance:testCases.TC002_InValidLoginTest@7216fb24]" started-at="2024-09-20T20:04:54 IST" name="tearDown" finished-at="2024-09-20T20:04:56 IST" duration-ms="2132" status="PASS">
          <reporter-output>
          </reporter-output>
        </test-method> <!-- tearDown -->
      </class> <!-- testCases.TC002_InValidLoginTest -->
      <class name="testCases.TC004_CreateMT4AccountTest">
        <test-method is-config="true" signature="setUp(java.lang.String,java.lang.String)[pri:0, instance:testCases.TC004_CreateMT4AccountTest@50ecde95]" started-at="2024-09-20T20:05:17 IST" name="setUp" finished-at="2024-09-20T20:05:28 IST" duration-ms="10881" status="PASS">
          <params>
            <param index="0">
              <value>
                <![CDATA[Windows]]>
              </value>
            </param>
            <param index="1">
              <value>
                <![CDATA[chrome]]>
              </value>
            </param>
          </params>
          <reporter-output>
          </reporter-output>
        </test-method> <!-- setUp -->
        <test-method signature="createMT4_Account()[pri:0, instance:testCases.TC004_CreateMT4AccountTest@50ecde95]" started-at="2024-09-20T20:05:28 IST" name="createMT4_Account" finished-at="2024-09-20T20:05:47 IST" duration-ms="18882" status="PASS">
          <reporter-output>
          </reporter-output>
        </test-method> <!-- createMT4_Account -->
        <test-method is-config="true" signature="tearDown()[pri:0, instance:testCases.TC004_CreateMT4AccountTest@50ecde95]" started-at="2024-09-20T20:05:47 IST" name="tearDown" finished-at="2024-09-20T20:06:01 IST" duration-ms="13737" status="PASS">
          <reporter-output>
          </reporter-output>
        </test-method> <!-- tearDown -->
      </class> <!-- testCases.TC004_CreateMT4AccountTest -->
      <class name="testCases.TC001_ValidLoginTest">
        <test-method is-config="true" signature="setUp(java.lang.String,java.lang.String)[pri:0, instance:testCases.TC001_ValidLoginTest@2b0f373b]" started-at="2024-09-20T20:03:32 IST" name="setUp" finished-at="2024-09-20T20:04:18 IST" duration-ms="46093" status="PASS">
          <params>
            <param index="0">
              <value>
                <![CDATA[Windows]]>
              </value>
            </param>
            <param index="1">
              <value>
                <![CDATA[chrome]]>
              </value>
            </param>
          </params>
          <reporter-output>
          </reporter-output>
        </test-method> <!-- setUp -->
        <test-method signature="verify_login()[pri:0, instance:testCases.TC001_ValidLoginTest@2b0f373b]" started-at="2024-09-20T20:04:18 IST" name="verify_login" finished-at="2024-09-20T20:04:33 IST" duration-ms="15618" status="PASS">
          <reporter-output>
          </reporter-output>
        </test-method> <!-- verify_login -->
        <test-method is-config="true" signature="tearDown()[pri:0, instance:testCases.TC001_ValidLoginTest@2b0f373b]" started-at="2024-09-20T20:04:33 IST" name="tearDown" finished-at="2024-09-20T20:04:35 IST" duration-ms="1434" status="PASS">
          <reporter-output>
          </reporter-output>
        </test-method> <!-- tearDown -->
      </class> <!-- testCases.TC001_ValidLoginTest -->
    </test> <!-- Test -->
  </suite> <!-- Suite -->
</testng-results>
