<?xml version="1.0" encoding="UTF-8"?>
<testng-results ignored="0" total="1" passed="1" failed="0" skipped="0">
  <reporter-output>
  </reporter-output>
  <suite started-at="2024-09-30T16:45:29 IST" name="Suite" finished-at="2024-09-30T16:46:08 IST" duration-ms="39117">
    <groups>
    </groups>
    <test started-at="2024-09-30T16:45:29 IST" name="Test" finished-at="2024-09-30T16:46:08 IST" duration-ms="39117">
      <class name="testCases.TC004_TransferFundsTest">
        <test-method is-config="true" signature="setUpClass(java.lang.String,java.lang.String)[pri:0, instance:testCases.TC004_TransferFundsTest@60dce7ea]" started-at="2024-09-30T16:45:29 IST" name="setUpClass" finished-at="2024-09-30T16:45:30 IST" duration-ms="66" status="PASS">
          <params>
            <param index="0">
              <value>
                <![CDATA[Windows]]>
              </value>
            </param>
            <param index="1">
              <value>
                <![CDATA[chrome]]>
              </value>
            </param>
          </params>
          <reporter-output>
          </reporter-output>
        </test-method> <!-- setUpClass -->
        <test-method is-config="true" signature="setUp(java.lang.String)[pri:0, instance:testCases.TC004_TransferFundsTest@60dce7ea]" started-at="2024-09-30T16:45:30 IST" name="setUp" finished-at="2024-09-30T16:45:39 IST" duration-ms="9726" status="PASS">
          <params>
            <param index="0">
              <value>
                <![CDATA[chrome]]>
              </value>
            </param>
          </params>
          <reporter-output>
          </reporter-output>
        </test-method> <!-- setUp -->
        <test-method signature="transferFunds()[pri:0, instance:testCases.TC004_TransferFundsTest@60dce7ea]" started-at="2024-09-30T16:45:39 IST" name="transferFunds" finished-at="2024-09-30T16:46:08 IST" duration-ms="28447" status="PASS">
          <reporter-output>
          </reporter-output>
        </test-method> <!-- transferFunds -->
        <test-method is-config="true" signature="tearDownMethod()[pri:0, instance:testCases.TC004_TransferFundsTest@60dce7ea]" started-at="2024-09-30T16:46:08 IST" name="tearDownMethod" finished-at="2024-09-30T16:46:08 IST" duration-ms="456" status="PASS">
          <reporter-output>
          </reporter-output>
        </test-method> <!-- tearDownMethod -->
        <test-method is-config="true" signature="tearDownClass()[pri:0, instance:testCases.TC004_TransferFundsTest@60dce7ea]" started-at="2024-09-30T16:46:08 IST" name="tearDownClass" finished-at="2024-09-30T16:46:08 IST" duration-ms="1" status="PASS">
          <reporter-output>
          </reporter-output>
        </test-method> <!-- tearDownClass -->
      </class> <!-- testCases.TC004_TransferFundsTest -->
    </test> <!-- Test -->
  </suite> <!-- Suite -->
</testng-results>
